2019/08/28 11:24:14.114 c.springboot.test.shiro.Application [] INFO  Starting Application on Farben-PC with PID 14516 (E:\spring-boot-examples\spring-boot-shiro-8\target\classes started by Farben in E:\spring-boot-examples\spring-boot-shiro-8)
2019/08/28 11:24:14.116 c.springboot.test.shiro.Application [] INFO  No active profile set, falling back to default profiles: default
2019/08/28 11:24:14.453 o.h.validator.internal.util.Version [] INFO  HV000001: Hibernate Validator 5.3.5.Final
2019/08/28 11:24:14.502 o.s.b.c.e.AnnotationConfigEmbeddedWebApplicationContext [] INFO  Refreshing org.springframework.boot.context.embedded.AnnotationConfigEmbeddedWebApplicationContext@68dc098b: startup date [Wed Aug 28 11:24:14 CST 2019]; root of context hierarchy
2019/08/28 11:24:16.024 o.s.c.s.PostProcessorRegistrationDelegate$BeanPostProcessorChecker [] INFO  Bean 'shiroConfig' of type [com.springboot.test.shiro.config.ShiroConfig$$EnhancerBySpringCGLIB$$fff7d19b] is not eligible for getting processed by all BeanPostProcessors (for example: not eligible for auto-proxying)
2019/08/28 11:24:16.461 o.s.c.s.PostProcessorRegistrationDelegate$BeanPostProcessorChecker [] INFO  Bean 'ehCacheManager' of type [org.apache.shiro.cache.ehcache.EhCacheManager] is not eligible for getting processed by all BeanPostProcessors (for example: not eligible for auto-proxying)
2019/08/28 11:24:16.461 o.a.s.cache.ehcache.EhCacheManager [] INFO  Using existing EHCache named [passwordRetryCache]
2019/08/28 11:24:16.717 o.s.c.s.PostProcessorRegistrationDelegate$BeanPostProcessorChecker [] INFO  Bean 'mybatis-org.mybatis.spring.boot.autoconfigure.MybatisProperties' of type [org.mybatis.spring.boot.autoconfigure.MybatisProperties] is not eligible for getting processed by all BeanPostProcessors (for example: not eligible for auto-proxying)
2019/08/28 11:24:16.736 o.s.c.s.PostProcessorRegistrationDelegate$BeanPostProcessorChecker [] INFO  Bean 'org.mybatis.spring.boot.autoconfigure.MybatisAutoConfiguration' of type [org.mybatis.spring.boot.autoconfigure.MybatisAutoConfiguration$$EnhancerBySpringCGLIB$$a63a5248] is not eligible for getting processed by all BeanPostProcessors (for example: not eligible for auto-proxying)
2019/08/28 11:24:16.744 o.s.c.s.PostProcessorRegistrationDelegate$BeanPostProcessorChecker [] INFO  Bean 'dataSourceConfig' of type [com.springboot.test.shiro.config.DataSourceConfig$$EnhancerBySpringCGLIB$$c18e8419] is not eligible for getting processed by all BeanPostProcessors (for example: not eligible for auto-proxying)
2019/08/28 11:24:17.658 c.a.druid.pool.DruidDataSource [] INFO  {dataSource-1} inited
2019/08/28 11:24:17.659 o.s.c.s.PostProcessorRegistrationDelegate$BeanPostProcessorChecker [] INFO  Bean 'dataSource' of type [com.alibaba.druid.pool.DruidDataSource] is not eligible for getting processed by all BeanPostProcessors (for example: not eligible for auto-proxying)
2019/08/28 11:24:17.883 o.s.c.s.PostProcessorRegistrationDelegate$BeanPostProcessorChecker [] INFO  Bean 'sqlSessionFactory' of type [org.apache.ibatis.session.defaults.DefaultSqlSessionFactory] is not eligible for getting processed by all BeanPostProcessors (for example: not eligible for auto-proxying)
2019/08/28 11:24:17.898 o.s.c.s.PostProcessorRegistrationDelegate$BeanPostProcessorChecker [] INFO  Bean 'sqlSessionTemplate' of type [org.mybatis.spring.SqlSessionTemplate] is not eligible for getting processed by all BeanPostProcessors (for example: not eligible for auto-proxying)
2019/08/28 11:24:17.899 o.s.c.s.PostProcessorRegistrationDelegate$BeanPostProcessorChecker [] INFO  Bean 'userMapper' of type [org.mybatis.spring.mapper.MapperFactoryBean] is not eligible for getting processed by all BeanPostProcessors (for example: not eligible for auto-proxying)
2019/08/28 11:24:17.901 o.s.c.s.PostProcessorRegistrationDelegate$BeanPostProcessorChecker [] INFO  Bean 'userMapper' of type [com.sun.proxy.$Proxy53] is not eligible for getting processed by all BeanPostProcessors (for example: not eligible for auto-proxying)
2019/08/28 11:24:17.902 o.s.c.s.PostProcessorRegistrationDelegate$BeanPostProcessorChecker [] INFO  Bean 'credentialsMatcher' of type [com.springboot.test.shiro.config.shiro.RetryLimitHashedCredentialsMatcher] is not eligible for getting processed by all BeanPostProcessors (for example: not eligible for auto-proxying)
2019/08/28 11:24:17.949 o.s.c.s.PostProcessorRegistrationDelegate$BeanPostProcessorChecker [] INFO  Bean 'roleMapper' of type [org.mybatis.spring.mapper.MapperFactoryBean] is not eligible for getting processed by all BeanPostProcessors (for example: not eligible for auto-proxying)
2019/08/28 11:24:17.949 o.s.c.s.PostProcessorRegistrationDelegate$BeanPostProcessorChecker [] INFO  Bean 'roleMapper' of type [com.sun.proxy.$Proxy54] is not eligible for getting processed by all BeanPostProcessors (for example: not eligible for auto-proxying)
2019/08/28 11:24:17.952 o.s.c.s.PostProcessorRegistrationDelegate$BeanPostProcessorChecker [] INFO  Bean 'permissionMapper' of type [org.mybatis.spring.mapper.MapperFactoryBean] is not eligible for getting processed by all BeanPostProcessors (for example: not eligible for auto-proxying)
2019/08/28 11:24:17.952 o.s.c.s.PostProcessorRegistrationDelegate$BeanPostProcessorChecker [] INFO  Bean 'permissionMapper' of type [com.sun.proxy.$Proxy55] is not eligible for getting processed by all BeanPostProcessors (for example: not eligible for auto-proxying)
2019/08/28 11:24:17.953 o.s.c.s.PostProcessorRegistrationDelegate$BeanPostProcessorChecker [] INFO  Bean 'shiroRealm' of type [com.springboot.test.shiro.config.shiro.ShiroRealm] is not eligible for getting processed by all BeanPostProcessors (for example: not eligible for auto-proxying)
2019/08/28 11:24:17.964 o.s.c.s.PostProcessorRegistrationDelegate$BeanPostProcessorChecker [] INFO  Bean 'rememberMeCookie' of type [org.apache.shiro.web.servlet.SimpleCookie] is not eligible for getting processed by all BeanPostProcessors (for example: not eligible for auto-proxying)
2019/08/28 11:24:17.974 o.s.c.s.PostProcessorRegistrationDelegate$BeanPostProcessorChecker [] INFO  Bean 'rememberMeManager' of type [org.apache.shiro.web.mgt.CookieRememberMeManager] is not eligible for getting processed by all BeanPostProcessors (for example: not eligible for auto-proxying)
2019/08/28 11:24:17.975 o.a.s.cache.ehcache.EhCacheManager [] INFO  Using existing EHCache named [authenticationCache]
2019/08/28 11:24:17.975 o.a.s.cache.ehcache.EhCacheManager [] INFO  Using existing EHCache named [authorizationCache]
2019/08/28 11:24:17.980 o.s.c.s.PostProcessorRegistrationDelegate$BeanPostProcessorChecker [] INFO  Bean 'sessionListener' of type [com.springboot.test.shiro.config.shiro.ShiroSessionListener] is not eligible for getting processed by all BeanPostProcessors (for example: not eligible for auto-proxying)
2019/08/28 11:24:17.981 o.s.c.s.PostProcessorRegistrationDelegate$BeanPostProcessorChecker [] INFO  Bean 'sessionIdCookie' of type [org.apache.shiro.web.servlet.SimpleCookie] is not eligible for getting processed by all BeanPostProcessors (for example: not eligible for auto-proxying)
2019/08/28 11:24:17.987 o.s.c.s.PostProcessorRegistrationDelegate$BeanPostProcessorChecker [] INFO  Bean 'sessionIdGenerator' of type [org.apache.shiro.session.mgt.eis.JavaUuidSessionIdGenerator] is not eligible for getting processed by all BeanPostProcessors (for example: not eligible for auto-proxying)
2019/08/28 11:24:17.995 o.s.c.s.PostProcessorRegistrationDelegate$BeanPostProcessorChecker [] INFO  Bean 'sessionDAO' of type [org.apache.shiro.session.mgt.eis.EnterpriseCacheSessionDAO] is not eligible for getting processed by all BeanPostProcessors (for example: not eligible for auto-proxying)
2019/08/28 11:24:18.009 o.s.c.s.PostProcessorRegistrationDelegate$BeanPostProcessorChecker [] INFO  Bean 'sessionManager' of type [org.apache.shiro.web.session.mgt.DefaultWebSessionManager] is not eligible for getting processed by all BeanPostProcessors (for example: not eligible for auto-proxying)
2019/08/28 11:24:18.025 o.s.c.s.PostProcessorRegistrationDelegate$BeanPostProcessorChecker [] INFO  Bean 'securityManager' of type [org.apache.shiro.web.mgt.DefaultWebSecurityManager] is not eligible for getting processed by all BeanPostProcessors (for example: not eligible for auto-proxying)
2019/08/28 11:24:18.035 o.s.c.s.PostProcessorRegistrationDelegate$BeanPostProcessorChecker [] INFO  Bean 'getMethodInvokingFactoryBean' of type [org.springframework.beans.factory.config.MethodInvokingFactoryBean] is not eligible for getting processed by all BeanPostProcessors (for example: not eligible for auto-proxying)
2019/08/28 11:24:18.040 o.a.s.cache.ehcache.EhCacheManager [] INFO  Using existing EHCache named [shiro-activeSessionCache]
2019/08/28 11:24:18.053 o.s.c.s.PostProcessorRegistrationDelegate$BeanPostProcessorChecker [] INFO  Bean 'kickoutSessionControlFilter' of type [com.springboot.test.shiro.config.shiro.KickoutSessionControlFilter] is not eligible for getting processed by all BeanPostProcessors (for example: not eligible for auto-proxying)
2019/08/28 11:24:18.174 o.s.c.s.PostProcessorRegistrationDelegate$BeanPostProcessorChecker [] INFO  Bean 'authorizationAttributeSourceAdvisor' of type [org.apache.shiro.spring.security.interceptor.AuthorizationAttributeSourceAdvisor] is not eligible for getting processed by all BeanPostProcessors (for example: not eligible for auto-proxying)
2019/08/28 11:24:18.196 o.s.c.s.PostProcessorRegistrationDelegate$BeanPostProcessorChecker [] INFO  Bean 'org.springframework.transaction.annotation.ProxyTransactionManagementConfiguration' of type [org.springframework.transaction.annotation.ProxyTransactionManagementConfiguration$$EnhancerBySpringCGLIB$$73660118] is not eligible for getting processed by all BeanPostProcessors (for example: not eligible for auto-proxying)
2019/08/28 11:24:18.748 o.s.b.c.e.t.TomcatEmbeddedServletContainer [] INFO  Tomcat initialized with port(s): 9090 (http)
2019/08/28 11:24:18.759 o.a.catalina.core.StandardService [] INFO  Starting service [Tomcat]
2019/08/28 11:24:18.760 o.a.catalina.core.StandardEngine [] INFO  Starting Servlet Engine: Apache Tomcat/8.5.16
2019/08/28 11:24:18.935 o.a.c.c.C.[Tomcat].[localhost].[/] [] INFO  Initializing Spring embedded WebApplicationContext
2019/08/28 11:24:18.935 o.s.web.context.ContextLoader [] INFO  Root WebApplicationContext: initialization completed in 4434 ms
2019/08/28 11:24:19.473 o.s.b.w.s.ServletRegistrationBean [] INFO  Mapping servlet: 'dispatcherServlet' to [/]
2019/08/28 11:24:19.478 o.s.b.w.s.FilterRegistrationBean [] INFO  Mapping filter: 'characterEncodingFilter' to: [/*]
2019/08/28 11:24:19.479 o.s.b.w.s.FilterRegistrationBean [] INFO  Mapping filter: 'hiddenHttpMethodFilter' to: [/*]
2019/08/28 11:24:19.479 o.s.b.w.s.FilterRegistrationBean [] INFO  Mapping filter: 'httpPutFormContentFilter' to: [/*]
2019/08/28 11:24:19.479 o.s.b.w.s.FilterRegistrationBean [] INFO  Mapping filter: 'requestContextFilter' to: [/*]
2019/08/28 11:24:19.480 o.s.b.w.s.FilterRegistrationBean [] INFO  Mapping filter: 'shirFilter' to: [/*]
2019/08/28 11:24:19.480 o.s.b.w.s.FilterRegistrationBean [] INFO  Mapping filter: 'formAuthenticationFilter' to: [/*]
2019/08/28 11:24:19.480 o.s.b.w.s.FilterRegistrationBean [] INFO  Mapping filter: 'kickoutSessionControlFilter' to: [/*]
2019/08/28 11:24:20.303 o.s.w.s.m.m.a.RequestMappingHandlerAdapter [] INFO  Looking for @ControllerAdvice: org.springframework.boot.context.embedded.AnnotationConfigEmbeddedWebApplicationContext@68dc098b: startup date [Wed Aug 28 11:24:14 CST 2019]; root of context hierarchy
2019/08/28 11:24:20.444 o.s.w.s.m.m.a.RequestMappingHandlerMapping [] INFO  Mapped "{[/Captcha.jpg]}" onto public void com.springboot.test.shiro.modules.login.CaptchaController.getCaptcha(javax.servlet.http.HttpServletRequest,javax.servlet.http.HttpServletResponse) throws javax.servlet.ServletException,java.io.IOException
2019/08/28 11:24:20.446 o.s.w.s.m.m.a.RequestMappingHandlerMapping [] INFO  Mapped "{[/index]}" onto public java.lang.String com.springboot.test.shiro.modules.login.LoginController.index(javax.servlet.http.HttpSession,org.springframework.ui.Model)
2019/08/28 11:24:20.446 o.s.w.s.m.m.a.RequestMappingHandlerMapping [] INFO  Mapped "{[/],methods=[GET]}" onto public java.lang.String com.springboot.test.shiro.modules.login.LoginController.root(org.springframework.ui.Model)
2019/08/28 11:24:20.446 o.s.w.s.m.m.a.RequestMappingHandlerMapping [] INFO  Mapped "{[/logout]}" onto public java.lang.String com.springboot.test.shiro.modules.login.LoginController.logout(javax.servlet.http.HttpSession,org.springframework.ui.Model)
2019/08/28 11:24:20.446 o.s.w.s.m.m.a.RequestMappingHandlerMapping [] INFO  Mapped "{[/unlockAccount]}" onto public java.lang.String com.springboot.test.shiro.modules.login.LoginController.unlockAccount(org.springframework.ui.Model)
2019/08/28 11:24:20.447 o.s.w.s.m.m.a.RequestMappingHandlerMapping [] INFO  Mapped "{[/login],methods=[GET]}" onto public java.lang.String com.springboot.test.shiro.modules.login.LoginController.login(org.springframework.ui.Model)
2019/08/28 11:24:20.447 o.s.w.s.m.m.a.RequestMappingHandlerMapping [] INFO  Mapped "{[/unauthorized]}" onto public java.lang.String com.springboot.test.shiro.modules.login.LoginController.unauthorized(javax.servlet.http.HttpSession,org.springframework.ui.Model)
2019/08/28 11:24:20.447 o.s.w.s.m.m.a.RequestMappingHandlerMapping [] INFO  Mapped "{[/login],methods=[POST]}" onto public java.lang.String com.springboot.test.shiro.modules.login.LoginController.loginUser(javax.servlet.http.HttpServletRequest,java.lang.String,java.lang.String,boolean,java.lang.String,org.springframework.ui.Model)
2019/08/28 11:24:20.451 o.s.w.s.m.m.a.RequestMappingHandlerMapping [] INFO  Mapped "{[/userInfo/view],methods=[GET]}" onto public java.lang.String com.springboot.test.shiro.modules.login.UserController.view(org.springframework.ui.Model)
2019/08/28 11:24:20.451 o.s.w.s.m.m.a.RequestMappingHandlerMapping [] INFO  Mapped "{[/userInfo/add],methods=[GET]}" onto public java.lang.String com.springboot.test.shiro.modules.login.UserController.login(org.springframework.ui.Model)
2019/08/28 11:24:20.451 o.s.w.s.m.m.a.RequestMappingHandlerMapping [] INFO  Mapped "{[/userInfo/delPermission],methods=[GET]}" onto public java.lang.String com.springboot.test.shiro.modules.login.UserController.delPermission(org.springframework.ui.Model)
2019/08/28 11:24:20.452 o.s.w.s.m.m.a.RequestMappingHandlerMapping [] INFO  Mapped "{[/userInfo/addPermission],methods=[GET]}" onto public java.lang.String com.springboot.test.shiro.modules.login.UserController.addPermission(org.springframework.ui.Model)
2019/08/28 11:24:20.452 o.s.w.s.m.m.a.RequestMappingHandlerMapping [] INFO  Mapped "{[/userInfo/del],methods=[GET]}" onto public java.lang.String com.springboot.test.shiro.modules.login.UserController.del(org.springframework.ui.Model)
2019/08/28 11:24:20.455 o.s.w.s.m.m.a.RequestMappingHandlerMapping [] INFO  Mapped "{[/error]}" onto public org.springframework.http.ResponseEntity<java.util.Map<java.lang.String, java.lang.Object>> org.springframework.boot.autoconfigure.web.BasicErrorController.error(javax.servlet.http.HttpServletRequest)
2019/08/28 11:24:20.455 o.s.w.s.m.m.a.RequestMappingHandlerMapping [] INFO  Mapped "{[/error],produces=[text/html]}" onto public org.springframework.web.servlet.ModelAndView org.springframework.boot.autoconfigure.web.BasicErrorController.errorHtml(javax.servlet.http.HttpServletRequest,javax.servlet.http.HttpServletResponse)
2019/08/28 11:24:20.664 o.s.w.s.h.SimpleUrlHandlerMapping [] INFO  Mapped URL path [/static/**] onto handler of type [class org.springframework.web.servlet.resource.ResourceHttpRequestHandler]
2019/08/28 11:24:20.664 o.s.w.s.h.SimpleUrlHandlerMapping [] INFO  Mapped URL path [/webjars/**] onto handler of type [class org.springframework.web.servlet.resource.ResourceHttpRequestHandler]
2019/08/28 11:24:20.664 o.s.w.s.h.SimpleUrlHandlerMapping [] INFO  Mapped URL path [/**] onto handler of type [class org.springframework.web.servlet.resource.ResourceHttpRequestHandler]
2019/08/28 11:24:20.858 o.s.w.s.h.SimpleUrlHandlerMapping [] INFO  Mapped URL path [/**/favicon.ico] onto handler of type [class org.springframework.web.servlet.resource.ResourceHttpRequestHandler]
2019/08/28 11:24:22.318 o.s.j.e.a.AnnotationMBeanExporter [] INFO  Registering beans for JMX exposure on startup
2019/08/28 11:24:22.319 o.s.j.e.a.AnnotationMBeanExporter [] INFO  Bean with name 'dataSource' has been autodetected for JMX exposure
2019/08/28 11:24:22.330 o.s.j.e.a.AnnotationMBeanExporter [] INFO  Located MBean 'dataSource': registering with JMX server as MBean [com.alibaba.druid.pool:name=dataSource,type=DruidDataSource]
2019/08/28 11:24:22.350 o.a.coyote.http11.Http11NioProtocol [] INFO  Initializing ProtocolHandler ["http-nio-9090"]
2019/08/28 11:24:22.360 o.a.coyote.http11.Http11NioProtocol [] INFO  Starting ProtocolHandler ["http-nio-9090"]
2019/08/28 11:24:22.380 o.a.tomcat.util.net.NioSelectorPool [] INFO  Using a shared selector for servlet write/read
2019/08/28 11:24:22.402 o.s.b.c.e.t.TomcatEmbeddedServletContainer [] INFO  Tomcat started on port(s): 9090 (http)
2019/08/28 11:24:22.407 c.springboot.test.shiro.Application [] INFO  Started Application in 9.243 seconds (JVM running for 12.997)
2019/08/28 11:24:38.456 o.a.c.c.C.[Tomcat].[localhost].[/] [] INFO  Initializing Spring FrameworkServlet 'dispatcherServlet'
2019/08/28 11:24:38.456 o.s.web.servlet.DispatcherServlet [] INFO  FrameworkServlet 'dispatcherServlet': initialization started
2019/08/28 11:24:38.508 o.s.web.servlet.DispatcherServlet [] INFO  FrameworkServlet 'dispatcherServlet': initialization completed in 52 ms
2019/08/28 11:24:38.532 o.a.s.s.m.AbstractValidatingSessionManager [] INFO  Enabling session validation scheduler...
2019/08/28 11:24:38.535 o.a.s.cache.ehcache.EhCacheManager [] INFO  Using existing EHCache named [shiro-activeSessionCache]
2019/08/28 11:24:38.619 org.thymeleaf.TemplateEngine [] INFO  [THYMELEAF] INITIALIZING TEMPLATE ENGINE
2019/08/28 11:24:38.681 o.t.t.AbstractTemplateResolver [] INFO  [THYMELEAF] INITIALIZING TEMPLATE RESOLVER: org.thymeleaf.spring4.templateresolver.SpringResourceTemplateResolver
2019/08/28 11:24:38.681 o.t.t.AbstractTemplateResolver [] INFO  [THYMELEAF] TEMPLATE RESOLVER INITIALIZED OK
2019/08/28 11:24:38.682 o.t.m.AbstractMessageResolver [] INFO  [THYMELEAF] INITIALIZING MESSAGE RESOLVER: org.thymeleaf.spring4.messageresolver.SpringMessageResolver
2019/08/28 11:24:38.682 o.t.m.AbstractMessageResolver [] INFO  [THYMELEAF] MESSAGE RESOLVER INITIALIZED OK
2019/08/28 11:24:38.710 org.thymeleaf.TemplateEngine [] INFO  [THYMELEAF] TEMPLATE ENGINE INITIALIZED
2019/08/28 11:29:17.440 o.s.b.c.e.AnnotationConfigEmbeddedWebApplicationContext [] INFO  Closing org.springframework.boot.context.embedded.AnnotationConfigEmbeddedWebApplicationContext@68dc098b: startup date [Wed Aug 28 11:24:14 CST 2019]; root of context hierarchy
2019/08/28 11:29:17.442 o.s.j.e.a.AnnotationMBeanExporter [] INFO  Unregistering JMX-exposed beans on shutdown
2019/08/28 11:29:17.446 o.s.j.e.a.AnnotationMBeanExporter [] INFO  Unregistering JMX-exposed beans
2019/08/28 11:29:17.451 o.a.s.s.m.AbstractValidatingSessionManager [] INFO  Disabled session validation scheduler.
2019/08/28 11:29:17.490 c.a.druid.pool.DruidDataSource [] INFO  {dataSource-1} closed
